<?xml version="1.0" encoding="UTF-8"?>
<!-- Generated by org.testng.reporters.JUnitXMLReporter -->
<testsuite ignored="0" hostname="Snehals-MacBook-Air.local" failures="0" tests="3" name="Test" time="72.258" errors="0" timestamp="2021-04-25T20:22:40 CEST">
  <testcase classname="tests.AlarmTests" name="addAlarm_analog_validtime" time="15.297"/>
  <testcase classname="tests.AlarmTests" name="addAlarm_digital_validtime" time="12.839"/>
  <testcase classname="tests.AlarmTests" name="set_invalid_time" time="8.374"/>
</testsuite> <!-- Test -->
