<?xml version="1.0" encoding="UTF-8"?>
<!-- Generated by org.testng.reporters.JUnitXMLReporter -->
<testsuite ignored="0" hostname="Snehals-MacBook-Air.local" failures="0" tests="3" name="Test" time="57.603" errors="0" timestamp="2021-04-25T20:47:50 CEST">
  <testcase classname="tests.AlarmTests" name="addAlarm_analog_validtime" time="15.142"/>
  <testcase classname="tests.AlarmTests" name="addAlarm_digital_validtime" time="10.243"/>
  <testcase classname="tests.AlarmTests" name="set_invalid_time" time="6.864"/>
</testsuite> <!-- Test -->
